2024-09-27 12:05:35 INFO  TC001_AccountRegistrationTest:15 - ***** Starting TC001_AccountRegistrationTest  ****
2024-09-27 12:05:35 INFO  TC001_AccountRegistrationTest:21 - Clicked on MyAccount Link.. 
2024-09-27 12:05:37 INFO  TC001_AccountRegistrationTest:24 - Clicked on Register Link.. 
2024-09-27 12:05:37 INFO  TC001_AccountRegistrationTest:28 - Providing customer details...
2024-09-27 12:05:38 INFO  TC001_AccountRegistrationTest:42 - Validating expected message..
2024-09-27 12:05:39 INFO  TC001_AccountRegistrationTest:47 - Test passed
2024-09-27 12:05:39 INFO  TC001_AccountRegistrationTest:56 - ***** Finished TC001_AccountRegistrationTest *****
2024-09-27 12:05:44 INFO  TC002_LoginTest:16 - ****** Startign TC_002_LoginTest *****
2024-09-27 12:05:46 INFO  TC002_LoginTest:41 - ****** Finished TC_002_LoginTest *****
2024-09-27 12:05:53 INFO  TC003_LoginDDT:26 - ***** stating TC_003_LoginDDT ******
2024-09-27 12:06:00 INFO  TC003_LoginDDT:79 - ***** Finished TC_003_LoginDDT ******
2024-09-27 12:06:00 INFO  TC003_LoginDDT:26 - ***** stating TC_003_LoginDDT ******
2024-09-27 12:06:05 INFO  TC003_LoginDDT:79 - ***** Finished TC_003_LoginDDT ******
2024-09-27 12:06:05 INFO  TC003_LoginDDT:26 - ***** stating TC_003_LoginDDT ******
2024-09-27 12:06:11 INFO  TC003_LoginDDT:79 - ***** Finished TC_003_LoginDDT ******
2024-09-27 12:06:11 INFO  TC003_LoginDDT:26 - ***** stating TC_003_LoginDDT ******
2024-09-27 12:06:26 INFO  TC003_LoginDDT:79 - ***** Finished TC_003_LoginDDT ******
2024-09-27 12:06:26 INFO  TC003_LoginDDT:26 - ***** stating TC_003_LoginDDT ******
2024-09-27 12:06:32 INFO  TC003_LoginDDT:79 - ***** Finished TC_003_LoginDDT ******
2024-09-27 12:06:32 INFO  TC003_LoginDDT:26 - ***** stating TC_003_LoginDDT ******
2024-09-27 12:06:47 INFO  TC003_LoginDDT:79 - ***** Finished TC_003_LoginDDT ******
2024-09-27 12:09:28 INFO  TC001_AccountRegistrationTest:15 - ***** Starting TC001_AccountRegistrationTest  ****
2024-09-27 12:09:28 INFO  TC001_AccountRegistrationTest:21 - Clicked on MyAccount Link.. 
2024-09-27 12:09:29 INFO  TC001_AccountRegistrationTest:24 - Clicked on Register Link.. 
2024-09-27 12:09:29 INFO  TC001_AccountRegistrationTest:28 - Providing customer details...
2024-09-27 12:09:31 INFO  TC001_AccountRegistrationTest:42 - Validating expected message..
2024-09-27 12:09:31 INFO  TC001_AccountRegistrationTest:47 - Test passed
2024-09-27 12:09:31 INFO  TC001_AccountRegistrationTest:56 - ***** Finished TC001_AccountRegistrationTest *****
2024-09-27 12:09:36 INFO  TC002_LoginTest:16 - ****** Startign TC_002_LoginTest *****
2024-09-27 12:09:39 INFO  TC002_LoginTest:41 - ****** Finished TC_002_LoginTest *****
2024-09-27 12:09:46 INFO  TC003_LoginDDT:26 - ***** stating TC_003_LoginDDT ******
2024-09-27 12:09:52 INFO  TC003_LoginDDT:79 - ***** Finished TC_003_LoginDDT ******
2024-09-27 12:09:52 INFO  TC003_LoginDDT:26 - ***** stating TC_003_LoginDDT ******
2024-09-27 12:09:58 INFO  TC003_LoginDDT:79 - ***** Finished TC_003_LoginDDT ******
2024-09-27 12:09:58 INFO  TC003_LoginDDT:26 - ***** stating TC_003_LoginDDT ******
2024-09-27 12:10:04 INFO  TC003_LoginDDT:79 - ***** Finished TC_003_LoginDDT ******
2024-09-27 12:10:04 INFO  TC003_LoginDDT:26 - ***** stating TC_003_LoginDDT ******
2024-09-27 12:10:19 INFO  TC003_LoginDDT:79 - ***** Finished TC_003_LoginDDT ******
2024-09-27 12:10:19 INFO  TC003_LoginDDT:26 - ***** stating TC_003_LoginDDT ******
2024-09-27 12:10:25 INFO  TC003_LoginDDT:79 - ***** Finished TC_003_LoginDDT ******
2024-09-27 12:10:25 INFO  TC003_LoginDDT:26 - ***** stating TC_003_LoginDDT ******
2024-09-27 12:10:40 INFO  TC003_LoginDDT:79 - ***** Finished TC_003_LoginDDT ******
